<?xml version="1.0" encoding="UTF-8"?>
<coverage generated="1616104129141" clover="3.2.0">
  <project timestamp="1616104129141" name="All files">
    <metrics statements="12" coveredstatements="3" conditionals="8" coveredconditionals="0" methods="8" coveredmethods="2" elements="28" coveredelements="5" complexity="0" loc="12" ncloc="12" packages="4" files="4" classes="4"/>
    <package name="src">
      <metrics statements="2" coveredstatements="0" conditionals="2" coveredconditionals="0" methods="2" coveredmethods="0"/>
      <file name="test-utils.js" path="C:\Users\balwi\Documents\Coding\SubFinder\react-ui\src\test-utils.js">
        <metrics statements="2" coveredstatements="0" conditionals="2" coveredconditionals="0" methods="2" coveredmethods="0"/>
        <line num="17" count="0" type="stmt"/>
        <line num="19" count="0" type="stmt"/>
      </file>
    </package>
    <package name="src.components.About">
      <metrics statements="3" coveredstatements="3" conditionals="0" coveredconditionals="0" methods="2" coveredmethods="2"/>
      <file name="About.js" path="C:\Users\balwi\Documents\Coding\SubFinder\react-ui\src\components\About\About.js">
        <metrics statements="3" coveredstatements="3" conditionals="0" coveredconditionals="0" methods="2" coveredmethods="2"/>
        <line num="6" count="1" type="stmt"/>
        <line num="7" count="1" type="stmt"/>
        <line num="14" count="1" type="stmt"/>
      </file>
    </package>
    <package name="src.components.App">
      <metrics statements="6" coveredstatements="0" conditionals="6" coveredconditionals="0" methods="4" coveredmethods="0"/>
      <file name="App.js" path="C:\Users\balwi\Documents\Coding\SubFinder\react-ui\src\components\App\App.js">
        <metrics statements="6" coveredstatements="0" conditionals="6" coveredconditionals="0" methods="4" coveredmethods="0"/>
        <line num="13" count="0" type="stmt"/>
        <line num="14" count="0" type="stmt"/>
        <line num="23" count="0" type="stmt"/>
        <line num="24" count="0" type="stmt"/>
        <line num="29" count="0" type="stmt"/>
        <line num="34" count="0" type="stmt"/>
      </file>
    </package>
    <package name="src.stateManagement">
      <metrics statements="1" coveredstatements="0" conditionals="0" coveredconditionals="0" methods="0" coveredmethods="0"/>
      <file name="initialState.js" path="C:\Users\balwi\Documents\Coding\SubFinder\react-ui\src\stateManagement\initialState.js">
        <metrics statements="1" coveredstatements="0" conditionals="0" coveredconditionals="0" methods="0" coveredmethods="0"/>
        <line num="1" count="0" type="stmt"/>
      </file>
    </package>
  </project>
</coverage>
