{"C:\\Users\\balwi\\Documents\\Coding\\SubFinder\\react-ui\\src\\test-utils.js": {"path":"C:\\Users\\balwi\\Documents\\Coding\\SubFinder\\react-ui\\src\\test-utils.js","statementMap":{"0":{"start":{"line":17,"column":4},"end":{"line":17,"column":56}},"1":{"start":{"line":19,"column":2},"end":{"line":19,"column":62}}},"fnMap":{"0":{"name":"render","decl":{"start":{"line":9,"column":9},"end":{"line":9,"column":15}},"loc":{"start":{"line":15,"column":2},"end":{"line":20,"column":1}},"line":15},"1":{"name":"Wrapper","decl":{"start":{"line":16,"column":11},"end":{"line":16,"column":18}},"loc":{"start":{"line":16,"column":33},"end":{"line":18,"column":3}},"line":16}},"branchMap":{"0":{"loc":{"start":{"line":10,"column":2},"end":{"line":14,"column":8}},"type":"default-arg","locations":[{"start":{"line":14,"column":6},"end":{"line":14,"column":8}}],"line":10},"1":{"loc":{"start":{"line":12,"column":4},"end":{"line":12,"column":46}},"type":"default-arg","locations":[{"start":{"line":12,"column":12},"end":{"line":12,"column":46}}],"line":12}},"s":{"0":0,"1":0},"f":{"0":0,"1":0},"b":{"0":[0],"1":[0]}}
,"C:\\Users\\balwi\\Documents\\Coding\\SubFinder\\react-ui\\src\\components\\About\\About.js": {"path":"C:\\Users\\balwi\\Documents\\Coding\\SubFinder\\react-ui\\src\\components\\About\\About.js","statementMap":{"0":{"start":{"line":6,"column":4},"end":{"line":6,"column":16}},"1":{"start":{"line":7,"column":4},"end":{"line":10,"column":5}},"2":{"start":{"line":14,"column":4},"end":{"line":39,"column":6}}},"fnMap":{"0":{"name":"(anonymous_0)","decl":{"start":{"line":5,"column":2},"end":{"line":5,"column":3}},"loc":{"start":{"line":5,"column":21},"end":{"line":11,"column":3}},"line":5},"1":{"name":"(anonymous_1)","decl":{"start":{"line":13,"column":2},"end":{"line":13,"column":3}},"loc":{"start":{"line":13,"column":11},"end":{"line":40,"column":3}},"line":13}},"branchMap":{},"s":{"0":1,"1":1,"2":1},"f":{"0":1,"1":1},"b":{},"_coverageSchema":"1a1c01bbd47fc00a2c39e90264f33305004495a9","hash":"c6028122ca3e9ce8b6da50bd3a50ffb680befc0a"}
,"C:\\Users\\balwi\\Documents\\Coding\\SubFinder\\react-ui\\src\\components\\App\\App.js": {"path":"C:\\Users\\balwi\\Documents\\Coding\\SubFinder\\react-ui\\src\\components\\App\\App.js","statementMap":{"0":{"start":{"line":13,"column":24},"end":{"line":21,"column":1}},"1":{"start":{"line":14,"column":2},"end":{"line":20,"column":3}},"2":{"start":{"line":23,"column":27},"end":{"line":25,"column":1}},"3":{"start":{"line":24,"column":2},"end":{"line":24,"column":21}},"4":{"start":{"line":29,"column":4},"end":{"line":29,"column":11}},"5":{"start":{"line":34,"column":4},"end":{"line":65,"column":6}}},"fnMap":{"0":{"name":"(anonymous_0)","decl":{"start":{"line":13,"column":24},"end":{"line":13,"column":25}},"loc":{"start":{"line":13,"column":33},"end":{"line":21,"column":1}},"line":13},"1":{"name":"(anonymous_1)","decl":{"start":{"line":23,"column":27},"end":{"line":23,"column":28}},"loc":{"start":{"line":23,"column":39},"end":{"line":25,"column":1}},"line":23},"2":{"name":"(anonymous_2)","decl":{"start":{"line":28,"column":2},"end":{"line":28,"column":3}},"loc":{"start":{"line":28,"column":16},"end":{"line":31,"column":3}},"line":28},"3":{"name":"(anonymous_3)","decl":{"start":{"line":33,"column":2},"end":{"line":33,"column":3}},"loc":{"start":{"line":33,"column":11},"end":{"line":66,"column":3}},"line":33}},"branchMap":{"0":{"loc":{"start":{"line":40,"column":16},"end":{"line":40,"column":103}},"type":"cond-expr","locations":[{"start":{"line":40,"column":82},"end":{"line":40,"column":86}},{"start":{"line":40,"column":89},"end":{"line":40,"column":103}}],"line":40},"1":{"loc":{"start":{"line":40,"column":16},"end":{"line":40,"column":78}},"type":"binary-expr","locations":[{"start":{"line":40,"column":16},"end":{"line":40,"column":32}},{"start":{"line":40,"column":36},"end":{"line":40,"column":78}}],"line":40},"2":{"loc":{"start":{"line":53,"column":17},"end":{"line":53,"column":64}},"type":"cond-expr","locations":[{"start":{"line":53,"column":43},"end":{"line":53,"column":57}},{"start":{"line":53,"column":60},"end":{"line":53,"column":64}}],"line":53}},"s":{"0":0,"1":0,"2":0,"3":0,"4":0,"5":0},"f":{"0":0,"1":0,"2":0,"3":0},"b":{"0":[0,0],"1":[0,0],"2":[0,0]}}
,"C:\\Users\\balwi\\Documents\\Coding\\SubFinder\\react-ui\\src\\stateManagement\\initialState.js": {"path":"C:\\Users\\balwi\\Documents\\Coding\\SubFinder\\react-ui\\src\\stateManagement\\initialState.js","statementMap":{"0":{"start":{"line":1,"column":21},"end":{"line":7,"column":1}}},"fnMap":{},"branchMap":{},"s":{"0":0},"f":{},"b":{}}
}
