TN:
SF:src\test-utils.js
FN:9,render
FN:16,Wrapper
FNF:2
FNH:0
FNDA:0,render
FNDA:0,Wrapper
DA:17,0
DA:19,0
LF:2
LH:0
BRDA:10,0,0,0
BRDA:12,1,0,0
BRF:2
BRH:0
end_of_record
TN:
SF:src\components\About\About.js
FN:5,(anonymous_0)
FN:13,(anonymous_1)
FNF:2
FNH:2
FNDA:1,(anonymous_0)
FNDA:1,(anonymous_1)
DA:6,1
DA:7,1
DA:14,1
LF:3
LH:3
BRF:0
BRH:0
end_of_record
TN:
SF:src\components\App\App.js
FN:13,(anonymous_0)
FN:23,(anonymous_1)
FN:28,(anonymous_2)
FN:33,(anonymous_3)
FNF:4
FNH:0
FNDA:0,(anonymous_0)
FNDA:0,(anonymous_1)
FNDA:0,(anonymous_2)
FNDA:0,(anonymous_3)
DA:13,0
DA:14,0
DA:23,0
DA:24,0
DA:29,0
DA:34,0
LF:6
LH:0
BRDA:40,0,0,0
BRDA:40,0,1,0
BRDA:40,1,0,0
BRDA:40,1,1,0
BRDA:53,2,0,0
BRDA:53,2,1,0
BRF:6
BRH:0
end_of_record
TN:
SF:src\stateManagement\initialState.js
FNF:0
FNH:0
DA:1,0
LF:1
LH:0
BRF:0
BRH:0
end_of_record
